<?xml version="1.0" encoding="UTF-8" ?>
<testsuite tests="3" failures="1" name="com.chenzf.service.UserServiceTest" time="0.122" errors="0" skipped="0">
  <properties>
[...]
</properties>
  <testcase classname="com.chenzf.service.UserServiceTest" name="testHasMatchUser" time="0.029">
    <failure message="expected [true] but found [false]" type="java.lang.AssertionError">java.lang.AssertionError: expected [true] but found [false]
	at org.testng.Assert.fail(Assert.java:94)
	at org.testng.Assert.failNotEquals(Assert.java:494)
	at org.testng.Assert.assertTrue(Assert.java:42)
	at org.testng.Assert.assertTrue(Assert.java:52)
	at com.chenzf.service.UserServiceTest.testHasMatchUser(UserServiceTest.java:39)
</failure>
    <system-out>Configuring TestNG with: org.apache.maven.surefire.testng.conf.TestNGMapConfigurator@122bbb7
</system-out>
    <system-err>ʮһ�� 04, 2020 11:00:23 ���� org.springframework.test.context.support.DefaultTestContextBootstrapper getTestExecutionListeners
��Ϣ: Using TestExecutionListeners: [org.springframework.test.context.web.ServletTestExecutionListener@136e637, org.springframework.test.context.support.DirtiesContextBeforeModesTestExecutionListener@18486a3, org.springframework.test.context.support.DependencyInjectionTestExecutionListener@11aa95a, org.springframework.test.context.support.DirtiesContextTestExecutionListener@1d176f7, org.springframework.test.context.transaction.TransactionalTestExecutionListener@1fe2924, org.springframework.test.context.jdbc.SqlScriptsTestExecutionListener@bc05a6]
ʮһ�� 04, 2020 11:00:23 ���� org.springframework.beans.factory.xml.XmlBeanDefinitionReader loadBeanDefinitions
��Ϣ: Loading XML bean definitions from URL [file:/D:/Learning/Spring/SpringProject/UserLogin/UserLoginDemo/target/classes/userlogin.xml]
ʮһ�� 04, 2020 11:00:23 ���� org.springframework.context.support.GenericApplicationContext prepareRefresh
��Ϣ: Refreshing org.springframework.context.support.GenericApplicationContext@61468e: startup date [Wed Nov 04 23:00:23 CST 2020]; root of context hierarchy
ʮһ�� 04, 2020 11:00:24 ���� org.springframework.test.context.transaction.TransactionContext startTransaction
��Ϣ: Began transaction (1) for test context [DefaultTestContext@8ead47 testClass = UserServiceTest, testInstance = com.chenzf.service.UserServiceTest@14e1a0f, testMethod = testFindUserByUserName@UserServiceTest, testException = [null], mergedContextConfiguration = [MergedContextConfiguration@6aa211 testClass = UserServiceTest, locations = &apos;{classpath*:/userlogin.xml}&apos;, classes = &apos;{}&apos;, contextInitializerClasses = &apos;[]&apos;, activeProfiles = &apos;{}&apos;, propertySourceLocations = &apos;{}&apos;, propertySourceProperties = &apos;{}&apos;, contextLoader = &apos;org.springframework.test.context.support.DelegatingSmartContextLoader&apos;, parent = [null]]]; transaction manager [org.springframework.jdbc.datasource.DataSourceTransactionManager@7116c7]; rollback [true]
ʮһ�� 04, 2020 11:00:24 ���� org.springframework.test.context.transaction.TransactionContext startTransaction
��Ϣ: Began transaction (1) for test context [DefaultTestContext@8ead47 testClass = UserServiceTest, testInstance = com.chenzf.service.UserServiceTest@14e1a0f, testMethod = testFindUserByUserName@UserServiceTest, testException = [null], mergedContextConfiguration = [MergedContextConfiguration@6aa211 testClass = UserServiceTest, locations = &apos;{classpath*:/userlogin.xml}&apos;, classes = &apos;{}&apos;, contextInitializerClasses = &apos;[]&apos;, activeProfiles = &apos;{}&apos;, propertySourceLocations = &apos;{}&apos;, propertySourceProperties = &apos;{}&apos;, contextLoader = &apos;org.springframework.test.context.support.DelegatingSmartContextLoader&apos;, parent = [null]]]; transaction manager [org.springframework.jdbc.datasource.DataSourceTransactionManager@7116c7]; rollback [true]
ʮһ�� 04, 2020 11:00:24 ���� org.springframework.test.context.transaction.TransactionContext startTransaction
��Ϣ: Began transaction (1) for test context [DefaultTestContext@8ead47 testClass = UserServiceTest, testInstance = com.chenzf.service.UserServiceTest@14e1a0f, testMethod = testFindUserByUserName@UserServiceTest, testException = [null], mergedContextConfiguration = [MergedContextConfiguration@6aa211 testClass = UserServiceTest, locations = &apos;{classpath*:/userlogin.xml}&apos;, classes = &apos;{}&apos;, contextInitializerClasses = &apos;[]&apos;, activeProfiles = &apos;{}&apos;, propertySourceLocations = &apos;{}&apos;, propertySourceProperties = &apos;{}&apos;, contextLoader = &apos;org.springframework.test.context.support.DelegatingSmartContextLoader&apos;, parent = [null]]]; transaction manager [org.springframework.jdbc.datasource.DataSourceTransactionManager@7116c7]; rollback [true]
</system-err>
  </testcase>
  <testcase classname="com.chenzf.service.UserServiceTest" name="testAddLoginLog" time="0.035"/>
  <testcase classname="com.chenzf.service.UserServiceTest" name="testFindUserByUserName" time="0.058"/>
</testsuite>